cpanm --notest --verbose --no-interactive Math::Int64
cpanm (App::cpanminus) 1.7044 on perl 5.010001 built for MSWin32-x86-multi-thread
Work directory is C:\Users\appveyor/.cpanm/work/1581460661.2984
You have make C:\strawberry\c\bin\dmake.exe
You have LWP 5.837
You have "C:\Program Files\Git\usr\bin\tar.exe", "C:\Program Files\Git\usr\bin\gzip.exe" and "C:\Program Files\Git\usr\bin\bzip2.exe"
You have "C:\Program Files\Git\usr\bin\unzip.exe"
Searching Math::Int64 () on cpanmetadb ...
Unpacking Math-Int64-0.54.tar.gz
--> Working on Math::Int64
Fetching http://www.cpan.org/authors/id/S/SA/SALVA/Math-Int64-0.54.tar.gz ... OK
Math-Int64-0.54/
Math-Int64-0.54/COPYING
Math-Int64-0.54/Changes
Math-Int64-0.54/t/
Math-Int64-0.54/t/MSC.t
Math-Int64-0.54/t/pow.t
Math-Int64-0.54/t/as_int64.t
Math-Int64-0.54/t/storable.t
Math-Int64-0.54/t/Math-Int64.t
Math-Int64-0.54/t/00-compile.t
Math-Int64-0.54/t/author-eol.t
Math-Int64-0.54/t/Math-UInt64.t
Math-Int64-0.54/t/author-no-tabs.t
Math-Int64-0.54/t/die_on_overflow.t
Math-Int64-0.54/t/author-pod-spell.t
Math-Int64-0.54/t/release-synopsis.t
Math-Int64-0.54/t/Math-Int64-Native.t
Math-Int64-0.54/t/00-report-prereqs.t
Math-Int64-0.54/t/author-pod-syntax.t
Math-Int64-0.54/t/Math-UInt64-Native.t
Math-Int64-0.54/t/00-report-prereqs.dd
Math-Int64-0.54/t/release-portability.t
Math-Int64-0.54/t/release-pod-coverage.t
Math-Int64-0.54/t/release-cpan-changes.t
Math-Int64-0.54/typemap
Math-Int64-0.54/INSTALL
Math-Int64-0.54/c_api.h
Math-Int64-0.54/Int64.xs
Math-Int64-0.54/dist.ini
Math-Int64-0.54/ppport.h
Math-Int64-0.54/META.yml
Math-Int64-0.54/MANIFEST
Math-Int64-0.54/cpanfile
Math-Int64-0.54/isaac64.h
Math-Int64-0.54/README.md
Math-Int64-0.54/META.json
Math-Int64-0.54/c_api.decl
Math-Int64-0.54/weaver.ini
Math-Int64-0.54/Makefile.PL
Math-Int64-0.54/strtoint64.h
Math-Int64-0.54/inc/
Math-Int64-0.54/inc/CreateCAPI.pm
Math-Int64-0.54/inc/MyMakeMaker.pm
Math-Int64-0.54/inc/Capture/
Math-Int64-0.54/inc/Capture/Tiny.pm
Math-Int64-0.54/inc/Config/
Math-Int64-0.54/inc/Config/AutoConf.pm
Math-Int64-0.54/lib/
Math-Int64-0.54/lib/Math/
Math-Int64-0.54/lib/Math/Int64.pm
Math-Int64-0.54/lib/Math/UInt64.pm
Math-Int64-0.54/lib/Math/Int64/
Math-Int64-0.54/lib/Math/Int64/die_on_overflow.pm
Math-Int64-0.54/lib/Math/Int64/native_if_available.pm
Math-Int64-0.54/examples/
Math-Int64-0.54/examples/rand64.pl
Math-Int64-0.54/c_api_client/
Math-Int64-0.54/c_api_client/typemap
Math-Int64-0.54/c_api_client/sample.xs
Math-Int64-0.54/c_api_client/perl_math_int64.c
Math-Int64-0.54/c_api_client/perl_math_int64.h
Math-Int64-0.54/templates/
Math-Int64-0.54/templates/c_api_h.temp
Math-Int64-0.54/templates/module_c.temp
Math-Int64-0.54/templates/module_h.temp
Entering Math-Int64-0.54
Checking configure dependencies from META.json
Checking if you have ExtUtils::MakeMaker 6.58 ... Yes (6.98)
Running Makefile.PL
Configuring Math-Int64-0.54 ... Using NV backend
Checking for stdlib.h... yes
Checking for stdarg.h... yes
Checking for string.h... yes
Checking for float.h... yes
Checking for assert.h... yes
Checking for time.h... yes
Checking for sys/types.h... yes
Checking for sys/stat.h... yes
Checking for memory.h... yes
Checking for strings.h... yes
Checking for inttypes.h... yes
Checking for stdint.h... yes
Checking for unistd.h... yes
Checking for int64_t... yes
Checking for stdint.h... (cached) yes
Checking if your kit is complete...
Looks good
yes
Checking for ctype.h... yes
Checking for errno.h... yes
Checking for limits.h... yes
Checking for locale.h... yes
Checking for math.h... yes
Checking for setjmp.h... yes
Checking for signal.h... yes
Checking for stddef.h... yes
Checking for stdio.h... Generating a dmake-style Makefile
Writing Makefile for Math::Int64
Writing MYMETA.yml and MYMETA.json
Checking dependencies from MYMETA.json ...
Checking if you have warnings 0 ... Yes (1.06)
Checking if you have XSLoader 0 ... Yes (0.15)
Checking if you have ExtUtils::MakeMaker 0 ... Yes (6.98)
Checking if you have overload 0 ... Yes (1.07)
Checking if you have constant 0 ... Yes (1.21)
Checking if you have Exporter 0 ... Yes (5.63)
Checking if you have strict 0 ... Yes (1.04)
Checking if you have warnings::register 0 ... Yes (1.01)
OK
Building Math-Int64-0.54 ... cp lib/Math/Int64.pm blib\lib\Math\Int64.pm
cp lib/Math/UInt64.pm blib\lib\Math\UInt64.pm
cp lib/Math/Int64/die_on_overflow.pm blib\lib\Math\Int64\die_on_overflow.pm
cp lib/Math/Int64/native_if_available.pm blib\lib\Math\Int64\native_if_available.pm
Running Mkbootstrap for Math::Int64 ()
C:\strawberry\perl\bin\perl.exe -MExtUtils::Command -e chmod -- 644 Int64.bs
C:\strawberry\perl\bin\perl.exe C:\strawberry\perl\lib\ExtUtils\xsubpp  -typemap C:\strawberry\perl\lib\ExtUtils\typemap -typemap typemap  Int64.xs > Int64.xsc && C:\strawberry\perl\bin\perl.exe -MExtUtils::Command -e mv -- Int64.xsc Int64.c
gcc -c   	-s -O2 -DWIN32 -DHAVE_DES_FCRYPT -DUSE_SITECUSTOMIZE -DPERL_IMPLICIT_CONTEXT -DPERL_IMPLICIT_SYS -fno-strict-aliasing -DPERL_MSVCRT_READFIX -s -O2 	  -DVERSION=\"0.54\" 	-DXS_VERSION=\"0.54\"  "-IC:\strawberry\perl\lib\CORE"  -DINT64_BACKEND_NV -DUSE_INT64_T -DHAS_STDINT_H Int64.c
Int64.xs: In function `SvI64':
Int64.xs:317: warning: comparison is always false due to limited range of data type
C:\strawberry\perl\bin\perl.exe -MExtUtils::Mksymlists \
     -e "Mksymlists('NAME'=>\"Math::Int64\", 'DLBASE' => 'Int64', 'DL_FUNCS' => {  }, 'FUNCLIST' => [], 'IMPORTS' => {  }, 'DL_VARS' => []);"
dlltool --def Int64.def --output-exp dll.exp
g++ -o blib\arch\auto\Math\Int64\Int64.dll -Wl,--base-file -Wl,dll.base -mdll -s -L"C:\strawberry\perl\lib\CORE" -L"C:\strawberry\c\lib" Int64.o   C:\strawberry\perl\lib\CORE\libperl510.a -lmoldname -lkernel32 -luser32 -lgdi32 -lwinspool -lcomdlg32 -ladvapi32 -lshell32 -lole32 -loleaut32 -lnetapi32 -luuid -lws2_32 -lmpr -lwinmm -lversion -lodbc32 -lodbccp32 dll.exp
/mingw/lib/dllcrt2.o:(.text+0xd1): undefined reference to `__dyn_tls_init_callback'
collect2: ld returned 1 exit status
dmake.exe:  Error code 129, while making 'blib\arch\auto\Math\Int64\Int64.dll'
! Installing Math::Int64 failed. See C:\Users\appveyor\.cpanm\work\1581460661.2984\build.log for details. Retry with --force to force install it.
